This is XeTeX, Version 3.14159265-2.6-0.999992 (TeX Live 2020) (preloaded format=xelatex 2020.12.12)  6 FEB 2022 17:03
entering extended mode
 restricted \write18 enabled.
 %&-line parsing enabled.
**thesis.tex
(./thesis.tex
LaTeX2e <2020-02-02> patch level 5
L3 programming layer <2020-03-06>
(/media/erfan/66973671-edda-4fb8-85c1-bfe9a9c06aea/usr/local/texlive/2020/texmf
-dist/tex/latex/base/book.cls
Document Class: book 2019/12/20 v1.4l Standard LaTeX document class

(/media/erfan/66973671-edda-4fb8-85c1-bfe9a9c06aea/usr/local/texlive/2020/texmf
-dist/tex/latex/base/bk12.clo
File: bk12.clo 2019/12/20 v1.4l Standard LaTeX file (size option)
)
\c@part=\count163
\c@chapter=\count164
\c@section=\count165
\c@subsection=\count166
\c@subsubsection=\count167
\c@paragraph=\count168
\c@subparagraph=\count169
\c@figure=\count170
\c@table=\count171
\abovecaptionskip=\skip47
\belowcaptionskip=\skip48
\bibindent=\dimen134
) (./styles/common.tex
(/media/erfan/66973671-edda-4fb8-85c1-bfe9a9c06aea/usr/local/texlive/2020/texmf
-dist/tex/latex/amsfonts/amssymb.sty
Package: amssymb 2013/01/14 v3.01 AMS font symbols

(/media/erfan/66973671-edda-4fb8-85c1-bfe9a9c06aea/usr/local/texlive/2020/texmf
-dist/tex/latex/amsfonts/amsfonts.sty
Package: amsfonts 2013/01/14 v3.01 Basic AMSFonts support
\@emptytoks=\toks15
\symAMSa=\mathgroup4
\symAMSb=\mathgroup5
LaTeX Font Info:    Redeclaring math symbol \hbar on input line 98.
LaTeX Font Info:    Overwriting math alphabet `\mathfrak' in version `bold'
(Font)                  U/euf/m/n --> U/euf/b/n on input line 106.
))
(/media/erfan/66973671-edda-4fb8-85c1-bfe9a9c06aea/usr/local/texlive/2020/texmf
-dist/tex/latex/amsmath/amsmath.sty
Package: amsmath 2020/01/20 v2.17e AMS math features
\@mathmargin=\skip49

For additional information on amsmath, use the `?' option.

(/media/erfan/66973671-edda-4fb8-85c1-bfe9a9c06aea/usr/local/texlive/2020/texmf
-dist/tex/latex/amsmath/amstext.sty
Package: amstext 2000/06/29 v2.01 AMS text

(/media/erfan/66973671-edda-4fb8-85c1-bfe9a9c06aea/usr/local/texlive/2020/texmf
-dist/tex/latex/amsmath/amsgen.sty
File: amsgen.sty 1999/11/30 v2.0 generic functions
\@emptytoks=\toks16
\ex@=\dimen135
))
(/media/erfan/66973671-edda-4fb8-85c1-bfe9a9c06aea/usr/local/texlive/2020/texmf
-dist/tex/latex/amsmath/amsbsy.sty
Package: amsbsy 1999/11/29 v1.2d Bold Symbols
\pmbraise@=\dimen136
)
(/media/erfan/66973671-edda-4fb8-85c1-bfe9a9c06aea/usr/local/texlive/2020/texmf
-dist/tex/latex/amsmath/amsopn.sty
Package: amsopn 2016/03/08 v2.02 operator names
)
\inf@bad=\count172
LaTeX Info: Redefining \frac on input line 227.
\uproot@=\count173
\leftroot@=\count174
LaTeX Info: Redefining \overline on input line 389.
\classnum@=\count175
\DOTSCASE@=\count176
LaTeX Info: Redefining \ldots on input line 486.
LaTeX Info: Redefining \dots on input line 489.
LaTeX Info: Redefining \cdots on input line 610.
\Mathstrutbox@=\box45
\strutbox@=\box46
\big@size=\dimen137
LaTeX Font Info:    Redeclaring font encoding OML on input line 733.
LaTeX Font Info:    Redeclaring font encoding OMS on input line 734.
\macc@depth=\count177
\c@MaxMatrixCols=\count178
\dotsspace@=\muskip16
\c@parentequation=\count179
\dspbrk@lvl=\count180
\tag@help=\toks17
\row@=\count181
\column@=\count182
\maxfields@=\count183
\andhelp@=\toks18
\eqnshift@=\dimen138
\alignsep@=\dimen139
\tagshift@=\dimen140
\tagwidth@=\dimen141
\totwidth@=\dimen142
\lineht@=\dimen143
\@envbody=\toks19
\multlinegap=\skip50
\multlinetaggap=\skip51
\mathdisplay@stack=\toks20
LaTeX Info: Redefining \[ on input line 2859.
LaTeX Info: Redefining \] on input line 2860.
)
(/media/erfan/66973671-edda-4fb8-85c1-bfe9a9c06aea/usr/local/texlive/2020/texmf
-dist/tex/latex/hyperref/hyperref.sty
Package: hyperref 2020/01/14 v7.00d Hypertext links for LaTeX

(/media/erfan/66973671-edda-4fb8-85c1-bfe9a9c06aea/usr/local/texlive/2020/texmf
-dist/tex/generic/ltxcmds/ltxcmds.sty
Package: ltxcmds 2019/12/15 v1.24 LaTeX kernel commands for general use (HO)
)
(/media/erfan/66973671-edda-4fb8-85c1-bfe9a9c06aea/usr/local/texlive/2020/texmf
-dist/tex/generic/iftex/iftex.sty
Package: iftex 2020/03/06 v1.0d TeX engine tests
)
(/media/erfan/66973671-edda-4fb8-85c1-bfe9a9c06aea/usr/local/texlive/2020/texmf
-dist/tex/latex/pdftexcmds/pdftexcmds.sty
Package: pdftexcmds 2019/11/24 v0.31 Utility functions of pdfTeX for LuaTeX (HO
)

(/media/erfan/66973671-edda-4fb8-85c1-bfe9a9c06aea/usr/local/texlive/2020/texmf
-dist/tex/generic/infwarerr/infwarerr.sty
Package: infwarerr 2019/12/03 v1.5 Providing info/warning/error messages (HO)
)
Package pdftexcmds Info: \pdf@primitive is available.
Package pdftexcmds Info: \pdf@ifprimitive is available.
Package pdftexcmds Info: \pdfdraftmode not found.
)
(/media/erfan/66973671-edda-4fb8-85c1-bfe9a9c06aea/usr/local/texlive/2020/texmf
-dist/tex/latex/graphics/keyval.sty
Package: keyval 2014/10/28 v1.15 key=value parser (DPC)
\KV@toks@=\toks21
)
(/media/erfan/66973671-edda-4fb8-85c1-bfe9a9c06aea/usr/local/texlive/2020/texmf
-dist/tex/generic/kvsetkeys/kvsetkeys.sty
Package: kvsetkeys 2019/12/15 v1.18 Key value parser (HO)
)
(/media/erfan/66973671-edda-4fb8-85c1-bfe9a9c06aea/usr/local/texlive/2020/texmf
-dist/tex/generic/kvdefinekeys/kvdefinekeys.sty
Package: kvdefinekeys 2019-12-19 v1.6 Define keys (HO)
)
(/media/erfan/66973671-edda-4fb8-85c1-bfe9a9c06aea/usr/local/texlive/2020/texmf
-dist/tex/generic/pdfescape/pdfescape.sty
Package: pdfescape 2019/12/09 v1.15 Implements pdfTeX's escape features (HO)
)
(/media/erfan/66973671-edda-4fb8-85c1-bfe9a9c06aea/usr/local/texlive/2020/texmf
-dist/tex/latex/hycolor/hycolor.sty
Package: hycolor 2020-01-27 v1.10 Color options for hyperref/bookmark (HO)
)
(/media/erfan/66973671-edda-4fb8-85c1-bfe9a9c06aea/usr/local/texlive/2020/texmf
-dist/tex/latex/letltxmacro/letltxmacro.sty
Package: letltxmacro 2019/12/03 v1.6 Let assignment for LaTeX macros (HO)
)
(/media/erfan/66973671-edda-4fb8-85c1-bfe9a9c06aea/usr/local/texlive/2020/texmf
-dist/tex/latex/auxhook/auxhook.sty
Package: auxhook 2019-12-17 v1.6 Hooks for auxiliary files (HO)
)
(/media/erfan/66973671-edda-4fb8-85c1-bfe9a9c06aea/usr/local/texlive/2020/texmf
-dist/tex/latex/kvoptions/kvoptions.sty
Package: kvoptions 2019/11/29 v3.13 Key value format for package options (HO)
)
\@linkdim=\dimen144
\Hy@linkcounter=\count184
\Hy@pagecounter=\count185

(/media/erfan/66973671-edda-4fb8-85c1-bfe9a9c06aea/usr/local/texlive/2020/texmf
-dist/tex/latex/hyperref/pd1enc.def
File: pd1enc.def 2020/01/14 v7.00d Hyperref: PDFDocEncoding definition (HO)
)
(/media/erfan/66973671-edda-4fb8-85c1-bfe9a9c06aea/usr/local/texlive/2020/texmf
-dist/tex/generic/intcalc/intcalc.sty
Package: intcalc 2019/12/15 v1.3 Expandable calculations with integers (HO)
)
(/media/erfan/66973671-edda-4fb8-85c1-bfe9a9c06aea/usr/local/texlive/2020/texmf
-dist/tex/generic/etexcmds/etexcmds.sty
Package: etexcmds 2019/12/15 v1.7 Avoid name clashes with e-TeX commands (HO)
)
\Hy@SavedSpaceFactor=\count186
Package hyperref Info: Option `colorlinks' set `true' on input line 4421.
Package hyperref Info: Hyper figures OFF on input line 4547.
Package hyperref Info: Link nesting OFF on input line 4552.
Package hyperref Info: Hyper index ON on input line 4555.
Package hyperref Info: Plain pages OFF on input line 4562.
Package hyperref Info: Backreferencing OFF on input line 4567.
Package hyperref Info: Implicit mode ON; LaTeX internals redefined.
Package hyperref Info: Bookmarks ON on input line 4800.
\c@Hy@tempcnt=\count187

(/media/erfan/66973671-edda-4fb8-85c1-bfe9a9c06aea/usr/local/texlive/2020/texmf
-dist/tex/latex/url/url.sty
\Urlmuskip=\muskip17
Package: url 2013/09/16  ver 3.4  Verb mode for urls, etc.
)
LaTeX Info: Redefining \url on input line 5159.
\XeTeXLinkMargin=\dimen145

(/media/erfan/66973671-edda-4fb8-85c1-bfe9a9c06aea/usr/local/texlive/2020/texmf
-dist/tex/generic/bitset/bitset.sty
Package: bitset 2019/12/09 v1.3 Handle bit-vector datatype (HO)

(/media/erfan/66973671-edda-4fb8-85c1-bfe9a9c06aea/usr/local/texlive/2020/texmf
-dist/tex/generic/bigintcalc/bigintcalc.sty
Package: bigintcalc 2019/12/15 v1.5 Expandable calculations on big integers (HO
)
))
\Fld@menulength=\count188
\Field@Width=\dimen146
\Fld@charsize=\dimen147
Package hyperref Info: Hyper figures OFF on input line 6430.
Package hyperref Info: Link nesting OFF on input line 6435.
Package hyperref Info: Hyper index ON on input line 6438.
Package hyperref Info: backreferencing OFF on input line 6445.
Package hyperref Info: Link coloring ON on input line 6448.
Package hyperref Info: Link coloring with OCG OFF on input line 6455.
Package hyperref Info: PDF/A mode OFF on input line 6460.
LaTeX Info: Redefining \ref on input line 6500.
LaTeX Info: Redefining \pageref on input line 6504.

(/media/erfan/66973671-edda-4fb8-85c1-bfe9a9c06aea/usr/local/texlive/2020/texmf
-dist/tex/generic/atbegshi/atbegshi.sty
Package: atbegshi 2019/12/05 v1.19 At begin shipout hook (HO)
)
\Hy@abspage=\count189
\c@Item=\count190
\c@Hfootnote=\count191
)
Package hyperref Info: Driver (autodetected): hxetex.

(/media/erfan/66973671-edda-4fb8-85c1-bfe9a9c06aea/usr/local/texlive/2020/texmf
-dist/tex/latex/hyperref/hxetex.def
File: hxetex.def 2020/01/14 v7.00d Hyperref driver for XeTeX

(/media/erfan/66973671-edda-4fb8-85c1-bfe9a9c06aea/usr/local/texlive/2020/texmf
-dist/tex/latex/hyperref/puenc.def
File: puenc.def 2020/01/14 v7.00d Hyperref: PDF Unicode definition (HO)
)
(/media/erfan/66973671-edda-4fb8-85c1-bfe9a9c06aea/usr/local/texlive/2020/texmf
-dist/tex/generic/stringenc/stringenc.sty
Package: stringenc 2019/11/29 v1.12 Convert strings between diff. encodings (HO
)
)
\pdfm@box=\box47
\c@Hy@AnnotLevel=\count192
\HyField@AnnotCount=\count193
\Fld@listcount=\count194
\c@bookmark@seq@number=\count195

(/media/erfan/66973671-edda-4fb8-85c1-bfe9a9c06aea/usr/local/texlive/2020/texmf
-dist/tex/latex/rerunfilecheck/rerunfilecheck.sty
Package: rerunfilecheck 2019/12/05 v1.9 Rerun checks for auxiliary files (HO)

(/media/erfan/66973671-edda-4fb8-85c1-bfe9a9c06aea/usr/local/texlive/2020/texmf
-dist/tex/latex/atveryend/atveryend.sty
Package: atveryend 2019-12-11 v1.11 Hooks at the very end of document (HO)
Package atveryend Info: \enddocument detected (standard20110627).
)
(/media/erfan/66973671-edda-4fb8-85c1-bfe9a9c06aea/usr/local/texlive/2020/texmf
-dist/tex/generic/uniquecounter/uniquecounter.sty
Package: uniquecounter 2019/12/15 v1.4 Provide unlimited unique counter (HO)
)
Package uniquecounter Info: New unique counter `rerunfilecheck' on input line 2
86.
)
\Hy@SectionHShift=\skip52
)
(/media/erfan/66973671-edda-4fb8-85c1-bfe9a9c06aea/usr/local/texlive/2020/texmf
-dist/tex/latex/pstricks/pstricks.sty
Package: pstricks 2018/12/21 v0.69 LaTeX wrapper for `PSTricks' (RN,HV)

(/media/erfan/66973671-edda-4fb8-85c1-bfe9a9c06aea/usr/local/texlive/2020/texmf
-dist/tex/latex/tools/shellesc.sty
Package: shellesc 2019/11/08 v1.0c unified shell escape interface for LaTeX
Package shellesc Info: Restricted shell escape enabled on input line 77.
)
(/media/erfan/66973671-edda-4fb8-85c1-bfe9a9c06aea/usr/local/texlive/2020/texmf
-dist/tex/latex/xcolor/xcolor.sty
Package: xcolor 2016/05/11 v2.12 LaTeX color extensions (UK)

(/media/erfan/66973671-edda-4fb8-85c1-bfe9a9c06aea/usr/local/texlive/2020/texmf
-dist/tex/latex/graphics-cfg/color.cfg
File: color.cfg 2016/01/02 v1.6 sample color configuration
)
Package xcolor Info: Package option `usenames' ignored on input line 216.
Package xcolor Info: Driver file: xetex.def on input line 225.

(/media/erfan/66973671-edda-4fb8-85c1-bfe9a9c06aea/usr/local/texlive/2020/texmf
-dist/tex/latex/graphics-def/xetex.def
File: xetex.def 2017/06/24 v5.0h Graphics/color driver for xetex
)
Package xcolor Info: Model `cmy' substituted by `cmy0' on input line 1348.
Package xcolor Info: Model `RGB' extended on input line 1364.
Package xcolor Info: Model `HTML' substituted by `rgb' on input line 1366.
Package xcolor Info: Model `Hsb' substituted by `hsb' on input line 1367.
Package xcolor Info: Model `tHsb' substituted by `hsb' on input line 1368.
Package xcolor Info: Model `HSB' substituted by `hsb' on input line 1369.
Package xcolor Info: Model `Gray' substituted by `gray' on input line 1370.
Package xcolor Info: Model `wave' substituted by `hsb' on input line 1371.

(/media/erfan/66973671-edda-4fb8-85c1-bfe9a9c06aea/usr/local/texlive/2020/texmf
-dist/tex/latex/graphics/dvipsnam.def
File: dvipsnam.def 2016/06/17 v3.0m Driver-dependent file (DPC,SPQR)
))
(/media/erfan/66973671-edda-4fb8-85c1-bfe9a9c06aea/usr/local/texlive/2020/texmf
-dist/tex/generic/xkeyval/pst-xkey.tex
File: pst-xkey.tex 2005/11/25 v1.6 PSTricks specialization of xkeyval (HA)

(/media/erfan/66973671-edda-4fb8-85c1-bfe9a9c06aea/usr/local/texlive/2020/texmf
-dist/tex/latex/xkeyval/xkeyval.sty
Package: xkeyval 2014/12/03 v2.7a package option processing (HA)

(/media/erfan/66973671-edda-4fb8-85c1-bfe9a9c06aea/usr/local/texlive/2020/texmf
-dist/tex/generic/xkeyval/xkeyval.tex
(/media/erfan/66973671-edda-4fb8-85c1-bfe9a9c06aea/usr/local/texlive/2020/texmf
-dist/tex/generic/xkeyval/xkvutils.tex
\XKV@toks=\toks22
\XKV@tempa@toks=\toks23
)
\XKV@depth=\count196
File: xkeyval.tex 2014/12/03 v2.7a key=value parser (HA)
)))
(/media/erfan/66973671-edda-4fb8-85c1-bfe9a9c06aea/usr/local/texlive/2020/texmf
-dist/tex/generic/pstricks/pstricks.tex
(/media/erfan/66973671-edda-4fb8-85c1-bfe9a9c06aea/usr/local/texlive/2020/texmf
-dist/tex/generic/pstricks/pst-fp.tex `pst-fp' v0.05, 2010/01/17 (hv)
\pstFP@xs=\count197
\pstFP@xia=\count198
\pstFP@xib=\count199
\pstFP@xfa=\count266
\pstFP@xfb=\count267
\pstFP@rega=\count268
\pstFP@regb=\count269
\pstFP@regs=\count270
\pstFP@times=\count271
)
(/media/erfan/66973671-edda-4fb8-85c1-bfe9a9c06aea/usr/local/texlive/2020/texmf
-dist/tex/generic/pgf/utilities/pgfutil-common.tex
\pgfutil@everybye=\toks24
\pgfutil@tempdima=\dimen148
\pgfutil@tempdimb=\dimen149

(/media/erfan/66973671-edda-4fb8-85c1-bfe9a9c06aea/usr/local/texlive/2020/texmf
-dist/tex/generic/pgf/utilities/pgfutil-common-lists.tex))
(/media/erfan/66973671-edda-4fb8-85c1-bfe9a9c06aea/usr/local/texlive/2020/texmf
-dist/tex/generic/pgf/utilities/pgfkeys.code.tex
\pgfkeys@pathtoks=\toks25
\pgfkeys@temptoks=\toks26

(/media/erfan/66973671-edda-4fb8-85c1-bfe9a9c06aea/usr/local/texlive/2020/texmf
-dist/tex/generic/pgf/utilities/pgfkeysfiltered.code.tex
\pgfkeys@tmptoks=\toks27
))
(/media/erfan/66973671-edda-4fb8-85c1-bfe9a9c06aea/usr/local/texlive/2020/texmf
-dist/tex/generic/pgf/utilities/pgffor.code.tex
Loading pgffor.code.tex

(/media/erfan/66973671-edda-4fb8-85c1-bfe9a9c06aea/usr/local/texlive/2020/texmf
-dist/tex/generic/pgf/math/pgfmath.code.tex
(/media/erfan/66973671-edda-4fb8-85c1-bfe9a9c06aea/usr/local/texlive/2020/texmf
-dist/tex/generic/pgf/math/pgfmathcalc.code.tex
(/media/erfan/66973671-edda-4fb8-85c1-bfe9a9c06aea/usr/local/texlive/2020/texmf
-dist/tex/generic/pgf/math/pgfmathutil.code.tex
\pgf@x=\dimen150
\pgf@xa=\dimen151
\pgf@xb=\dimen152
\pgf@xc=\dimen153
\pgf@y=\dimen154
\pgf@ya=\dimen155
\pgf@yb=\dimen156
\pgf@yc=\dimen157
\c@pgf@counta=\count272
\c@pgf@countb=\count273
\c@pgf@countc=\count274
\c@pgf@countd=\count275
\pgfutil@tempcnta=\count276
\pgfutil@tempcntb=\count277
)
(/media/erfan/66973671-edda-4fb8-85c1-bfe9a9c06aea/usr/local/texlive/2020/texmf
-dist/tex/generic/pgf/math/pgfmathparser.code.tex
\pgfmath@dimen=\dimen158
\pgfmath@count=\count278
\pgfmath@box=\box48
\pgfmath@toks=\toks28
\pgfmath@stack@operand=\toks29
\pgfmath@stack@operation=\toks30
)
(/media/erfan/66973671-edda-4fb8-85c1-bfe9a9c06aea/usr/local/texlive/2020/texmf
-dist/tex/generic/pgf/math/pgfmathfunctions.code.tex
(/media/erfan/66973671-edda-4fb8-85c1-bfe9a9c06aea/usr/local/texlive/2020/texmf
-dist/tex/generic/pgf/math/pgfmathfunctions.basic.code.tex)
(/media/erfan/66973671-edda-4fb8-85c1-bfe9a9c06aea/usr/local/texlive/2020/texmf
-dist/tex/generic/pgf/math/pgfmathfunctions.trigonometric.code.tex)
(/media/erfan/66973671-edda-4fb8-85c1-bfe9a9c06aea/usr/local/texlive/2020/texmf
-dist/tex/generic/pgf/math/pgfmathfunctions.random.code.tex)
(/media/erfan/66973671-edda-4fb8-85c1-bfe9a9c06aea/usr/local/texlive/2020/texmf
-dist/tex/generic/pgf/math/pgfmathfunctions.comparison.code.tex)
(/media/erfan/66973671-edda-4fb8-85c1-bfe9a9c06aea/usr/local/texlive/2020/texmf
-dist/tex/generic/pgf/math/pgfmathfunctions.base.code.tex)
(/media/erfan/66973671-edda-4fb8-85c1-bfe9a9c06aea/usr/local/texlive/2020/texmf
-dist/tex/generic/pgf/math/pgfmathfunctions.round.code.tex)
(/media/erfan/66973671-edda-4fb8-85c1-bfe9a9c06aea/usr/local/texlive/2020/texmf
-dist/tex/generic/pgf/math/pgfmathfunctions.misc.code.tex)
(/media/erfan/66973671-edda-4fb8-85c1-bfe9a9c06aea/usr/local/texlive/2020/texmf
-dist/tex/generic/pgf/math/pgfmathfunctions.integerarithmetics.code.tex)))
(/media/erfan/66973671-edda-4fb8-85c1-bfe9a9c06aea/usr/local/texlive/2020/texmf
-dist/tex/generic/pgf/math/pgfmathfloat.code.tex
\c@pgfmathroundto@lastzeros=\count279
))
\pgffor@iter=\dimen159
\pgffor@skip=\dimen160
\pgffor@stack=\toks31
\pgffor@toks=\toks32
)
\psLoopIndex=\count280

`PSTricks' v2.97  <2019/05/11> (tvz,hv)
\pst@dima=\dimen161
\pst@dimb=\dimen162
\pst@dimc=\dimen163
\pst@dimd=\dimen164
\pst@dimg=\dimen165
\pst@dimh=\dimen166
\pst@dimm=\dimen167
\pst@dimn=\dimen168
\pst@dimo=\dimen169
\pst@dimp=\dimen170
\pst@hbox=\box49
\pst@ibox=\box50
\pst@boxg=\box51
\pst@cnta=\count281
\pst@cntb=\count282
\pst@cntc=\count283
\pst@cntd=\count284
\pst@cntg=\count285
\pst@cnth=\count286
\pst@cntm=\count287
\pst@cntn=\count288
\pst@cnto=\count289
\pst@cntp=\count290
\@zero=\count291
\pst@toks=\toks33

(/media/erfan/66973671-edda-4fb8-85c1-bfe9a9c06aea/usr/local/texlive/2020/texmf
-dist/tex/xelatex/xetex-pstricks/pstricks.con
(/media/erfan/66973671-edda-4fb8-85c1-bfe9a9c06aea/usr/local/texlive/2020/texmf
-dist/tex/generic/pstricks/config/xdvipdfmx.cfg))
\psunit=\dimen171
\psxunit=\dimen172
\psyunit=\dimen173
\pst@C@@rType=\count292
\pslinewidth=\dimen174
\psk@startLW=\dimen175
\psk@endLW=\dimen176
\pst@customdefs=\toks34
\pslinearc=\dimen177
\pst@symbolStep=\dimen178
\pst@symbolWidth=\dimen179
\pst@symbolLinewidth=\dimen180
\everypsbox=\toks35
\psframesep=\dimen181
\pslabelsep=\dimen182
\sh@wgridXunit=\dimen183
\sh@wgridYunit=\dimen184
\pst@shift=\dimen185

(/media/erfan/66973671-edda-4fb8-85c1-bfe9a9c06aea/usr/local/texlive/2020/texmf
-dist/tex/xelatex/xetex-pstricks/pstricks.con
(/media/erfan/66973671-edda-4fb8-85c1-bfe9a9c06aea/usr/local/texlive/2020/texmf
-dist/tex/generic/pstricks/config/xdvipdfmx.cfg
Using PSTricks configuration for XeTeX+xdvipdfmx
)))
File: pstricks.tex 2019/05/11 v2.97 `PSTricks' (tvz,hv)

(/media/erfan/66973671-edda-4fb8-85c1-bfe9a9c06aea/usr/local/texlive/2020/texmf
-dist/tex/generic/pstricks/pst-fp.tex)
File: pst-fp.tex 2019/05/11 v2.97 `PST-fp' (hv)

>>> Loading XeTeX special macros

(/media/erfan/66973671-edda-4fb8-85c1-bfe9a9c06aea/usr/local/texlive/2020/texmf
-dist/tex/generic/pstricks/pstricks-xetex.def))
(/media/erfan/66973671-edda-4fb8-85c1-bfe9a9c06aea/usr/local/texlive/2020/texmf
-dist/tex/latex/graphics/graphicx.sty
Package: graphicx 2019/11/30 v1.2a Enhanced LaTeX Graphics (DPC,SPQR)

(/media/erfan/66973671-edda-4fb8-85c1-bfe9a9c06aea/usr/local/texlive/2020/texmf
-dist/tex/latex/graphics/graphics.sty
Package: graphics 2019/11/30 v1.4a Standard LaTeX Graphics (DPC,SPQR)

(/media/erfan/66973671-edda-4fb8-85c1-bfe9a9c06aea/usr/local/texlive/2020/texmf
-dist/tex/latex/graphics/trig.sty
Package: trig 2016/01/03 v1.10 sin cos tan (DPC)
)
(/media/erfan/66973671-edda-4fb8-85c1-bfe9a9c06aea/usr/local/texlive/2020/texmf
-dist/tex/latex/graphics-cfg/graphics.cfg
File: graphics.cfg 2016/06/04 v1.11 sample graphics configuration
)
Package graphics Info: Driver file: xetex.def on input line 105.
)
\Gin@req@height=\dimen186
\Gin@req@width=\dimen187
)
(/media/erfan/66973671-edda-4fb8-85c1-bfe9a9c06aea/usr/local/texlive/2020/texmf
-dist/tex/latex/subfig/subfig.sty
Package: subfig 2005/06/28 ver: 1.3 subfig package

(/media/erfan/66973671-edda-4fb8-85c1-bfe9a9c06aea/usr/local/texlive/2020/texmf
-dist/tex/latex/caption/caption.sty
Package: caption 2020/01/03 v3.4h Customizing captions (AR)

(/media/erfan/66973671-edda-4fb8-85c1-bfe9a9c06aea/usr/local/texlive/2020/texmf
-dist/tex/latex/caption/caption3.sty
Package: caption3 2020/01/03 v1.8h caption3 kernel (AR)
Package caption3 Info: TeX engine: e-TeX on input line 61.
\captionmargin=\dimen188
\captionmargin@=\dimen189
\captionwidth=\dimen190
\caption@tempdima=\dimen191
\caption@indent=\dimen192
\caption@parindent=\dimen193
\caption@hangindent=\dimen194
Package caption Info: Standard document class detected.
)
\c@caption@flags=\count293
\c@continuedfloat=\count294
Package caption Info: hyperref package is loaded.
)
\c@KVtest=\count295
\sf@farskip=\skip53
\sf@captopadj=\dimen195
\sf@capskip=\skip54
\sf@nearskip=\skip55
\c@subfigure=\count296
\c@subfigure@save=\count297
\c@lofdepth=\count298
\c@subtable=\count299
\c@subtable@save=\count300
\c@lotdepth=\count301
\sf@top=\skip56
\sf@bottom=\skip57
)
(/media/erfan/66973671-edda-4fb8-85c1-bfe9a9c06aea/usr/local/texlive/2020/texmf
-dist/tex/latex/wrapfig/wrapfig.sty
\wrapoverhang=\dimen196
\WF@size=\dimen197
\c@WF@wrappedlines=\count302
\WF@box=\box52
\WF@everypar=\toks36
Package: wrapfig 2003/01/31  v 3.6
)
(/media/erfan/66973671-edda-4fb8-85c1-bfe9a9c06aea/usr/local/texlive/2020/texmf
-dist/tex/latex/placeins/placeins.sty
Package: placeins 2005/04/18  v 2.2
)
(/media/erfan/66973671-edda-4fb8-85c1-bfe9a9c06aea/usr/local/texlive/2020/texmf
-dist/tex/latex/geometry/geometry.sty
Package: geometry 2020/01/02 v5.9 Page Geometry

(/media/erfan/66973671-edda-4fb8-85c1-bfe9a9c06aea/usr/local/texlive/2020/texmf
-dist/tex/generic/iftex/ifvtex.sty
Package: ifvtex 2019/10/25 v1.7 ifvtex legacy package. Use iftex instead.
)
\Gm@cnth=\count303
\Gm@cntv=\count304
\c@Gm@tempcnt=\count305
\Gm@bindingoffset=\dimen198
\Gm@wd@mp=\dimen199
\Gm@odd@mp=\dimen256
\Gm@even@mp=\dimen257
\Gm@layoutwidth=\dimen258
\Gm@layoutheight=\dimen259
\Gm@layouthoffset=\dimen260
\Gm@layoutvoffset=\dimen261
\Gm@dimlist=\toks37
)
(/media/erfan/66973671-edda-4fb8-85c1-bfe9a9c06aea/usr/local/texlive/2020/texmf
-dist/tex/latex/fancyhdr/fancyhdr.sty
Package: fancyhdr 2019/01/31 v3.10 Extensive control of page headers and footer
s
\f@nch@headwidth=\skip58
\f@nch@O@elh=\skip59
\f@nch@O@erh=\skip60
\f@nch@O@olh=\skip61
\f@nch@O@orh=\skip62
\f@nch@O@elf=\skip63
\f@nch@O@erf=\skip64
\f@nch@O@olf=\skip65
\f@nch@O@orf=\skip66
)
(/media/erfan/66973671-edda-4fb8-85c1-bfe9a9c06aea/usr/local/texlive/2020/texmf
-dist/tex/latex/amsfonts/euscript.sty
Package: euscript 2009/06/22 v3.00 Euler Script fonts
LaTeX Font Info:    Overwriting math alphabet `\EuScript' in version `bold'
(Font)                  U/eus/m/n --> U/eus/b/n on input line 33.
)
(/media/erfan/66973671-edda-4fb8-85c1-bfe9a9c06aea/usr/local/texlive/2020/texmf
-dist/tex/latex/tools/multicol.sty
Package: multicol 2019/12/09 v1.8y multicolumn formatting (FMi)
\c@tracingmulticols=\count306
\mult@box=\box53
\multicol@leftmargin=\dimen262
\c@unbalance=\count307
\c@collectmore=\count308
\doublecol@number=\count309
\multicoltolerance=\count310
\multicolpretolerance=\count311
\full@width=\dimen263
\page@free=\dimen264
\premulticols=\dimen265
\postmulticols=\dimen266
\multicolsep=\skip67
\multicolbaselineskip=\skip68
\partial@page=\box54
\last@line=\box55
\maxbalancingoverflow=\dimen267
\mult@rightbox=\box56
\mult@grightbox=\box57
\mult@gfirstbox=\box58
\mult@firstbox=\box59
\@tempa=\box60
\@tempa=\box61
\@tempa=\box62
\@tempa=\box63
\@tempa=\box64
\@tempa=\box65
\@tempa=\box66
\@tempa=\box67
\@tempa=\box68
\@tempa=\box69
\@tempa=\box70
\@tempa=\box71
\@tempa=\box72
\@tempa=\box73
\@tempa=\box74
\@tempa=\box75
\@tempa=\box76
\@tempa=\box77
\@tempa=\box78
\@tempa=\box79
\@tempa=\box80
\@tempa=\box81
\@tempa=\box82
\@tempa=\box83
\@tempa=\box84
\@tempa=\box85
\@tempa=\box86
\@tempa=\box87
\@tempa=\box88
\@tempa=\box89
\@tempa=\box90
\@tempa=\box91
\@tempa=\box92
\@tempa=\box93
\@tempa=\box94
\@tempa=\box95
\@tempa=\box96
\c@minrows=\count312
\c@columnbadness=\count313
\c@finalcolumnbadness=\count314
\last@try=\dimen268
\multicolovershoot=\dimen269
\multicolundershoot=\dimen270
\mult@nat@firstbox=\box97
\colbreak@box=\box98
\mc@col@check@num=\count315
)
(/media/erfan/66973671-edda-4fb8-85c1-bfe9a9c06aea/usr/local/texlive/2020/texmf
-dist/tex/latex/pgf/frontendlayer/tikz.sty
(/media/erfan/66973671-edda-4fb8-85c1-bfe9a9c06aea/usr/local/texlive/2020/texmf
-dist/tex/latex/pgf/basiclayer/pgf.sty
(/media/erfan/66973671-edda-4fb8-85c1-bfe9a9c06aea/usr/local/texlive/2020/texmf
-dist/tex/latex/pgf/utilities/pgfrcs.sty
(/media/erfan/66973671-edda-4fb8-85c1-bfe9a9c06aea/usr/local/texlive/2020/texmf
-dist/tex/generic/pgf/utilities/pgfutil-common.tex
\pgfutil@everybye=\toks38
\pgfutil@tempdima=\dimen271
\pgfutil@tempdimb=\dimen272

(/media/erfan/66973671-edda-4fb8-85c1-bfe9a9c06aea/usr/local/texlive/2020/texmf
-dist/tex/generic/pgf/utilities/pgfutil-common-lists.tex))
(/media/erfan/66973671-edda-4fb8-85c1-bfe9a9c06aea/usr/local/texlive/2020/texmf
-dist/tex/generic/pgf/utilities/pgfutil-latex.def
\pgfutil@abb=\box99

(/media/erfan/66973671-edda-4fb8-85c1-bfe9a9c06aea/usr/local/texlive/2020/texmf
-dist/tex/latex/ms/everyshi.sty
Package: everyshi 2001/05/15 v3.00 EveryShipout Package (MS)
))
(/media/erfan/66973671-edda-4fb8-85c1-bfe9a9c06aea/usr/local/texlive/2020/texmf
-dist/tex/generic/pgf/utilities/pgfrcs.code.tex
(/media/erfan/66973671-edda-4fb8-85c1-bfe9a9c06aea/usr/local/texlive/2020/texmf
-dist/tex/generic/pgf/pgf.revision.tex)
Package: pgfrcs 2020/01/08 v3.1.5b (3.1.5b)
))
Package: pgf 2020/01/08 v3.1.5b (3.1.5b)

(/media/erfan/66973671-edda-4fb8-85c1-bfe9a9c06aea/usr/local/texlive/2020/texmf
-dist/tex/latex/pgf/basiclayer/pgfcore.sty
(/media/erfan/66973671-edda-4fb8-85c1-bfe9a9c06aea/usr/local/texlive/2020/texmf
-dist/tex/latex/pgf/systemlayer/pgfsys.sty
(/media/erfan/66973671-edda-4fb8-85c1-bfe9a9c06aea/usr/local/texlive/2020/texmf
-dist/tex/generic/pgf/systemlayer/pgfsys.code.tex
Package: pgfsys 2020/01/08 v3.1.5b (3.1.5b)

(/media/erfan/66973671-edda-4fb8-85c1-bfe9a9c06aea/usr/local/texlive/2020/texmf
-dist/tex/generic/pgf/utilities/pgfkeys.code.tex)
\pgf@x=\dimen273
\pgf@y=\dimen274
\pgf@xa=\dimen275
\pgf@ya=\dimen276
\pgf@xb=\dimen277
\pgf@yb=\dimen278
\pgf@xc=\dimen279
\pgf@yc=\dimen280
\pgf@xd=\dimen281
\pgf@yd=\dimen282
\w@pgf@writea=\write3
\r@pgf@reada=\read2
\c@pgf@counta=\count316
\c@pgf@countb=\count317
\c@pgf@countc=\count318
\c@pgf@countd=\count319
\t@pgf@toka=\toks39
\t@pgf@tokb=\toks40
\t@pgf@tokc=\toks41
\pgf@sys@id@count=\count320

(/media/erfan/66973671-edda-4fb8-85c1-bfe9a9c06aea/usr/local/texlive/2020/texmf
-dist/tex/generic/pgf/systemlayer/pgf.cfg
File: pgf.cfg 2020/01/08 v3.1.5b (3.1.5b)
)
Driver file for pgf: pgfsys-xetex.def

(/media/erfan/66973671-edda-4fb8-85c1-bfe9a9c06aea/usr/local/texlive/2020/texmf
-dist/tex/generic/pgf/systemlayer/pgfsys-xetex.def
File: pgfsys-xetex.def 2020/01/08 v3.1.5b (3.1.5b)

(/media/erfan/66973671-edda-4fb8-85c1-bfe9a9c06aea/usr/local/texlive/2020/texmf
-dist/tex/generic/pgf/systemlayer/pgfsys-dvipdfmx.def
File: pgfsys-dvipdfmx.def 2020/01/08 v3.1.5b (3.1.5b)

(/media/erfan/66973671-edda-4fb8-85c1-bfe9a9c06aea/usr/local/texlive/2020/texmf
-dist/tex/generic/pgf/systemlayer/pgfsys-common-pdf.def
File: pgfsys-common-pdf.def 2020/01/08 v3.1.5b (3.1.5b)
)
\pgfsys@objnum=\count321
)))
(/media/erfan/66973671-edda-4fb8-85c1-bfe9a9c06aea/usr/local/texlive/2020/texmf
-dist/tex/generic/pgf/systemlayer/pgfsyssoftpath.code.tex
File: pgfsyssoftpath.code.tex 2020/01/08 v3.1.5b (3.1.5b)
\pgfsyssoftpath@smallbuffer@items=\count322
\pgfsyssoftpath@bigbuffer@items=\count323
)
(/media/erfan/66973671-edda-4fb8-85c1-bfe9a9c06aea/usr/local/texlive/2020/texmf
-dist/tex/generic/pgf/systemlayer/pgfsysprotocol.code.tex
File: pgfsysprotocol.code.tex 2020/01/08 v3.1.5b (3.1.5b)
))
(/media/erfan/66973671-edda-4fb8-85c1-bfe9a9c06aea/usr/local/texlive/2020/texmf
-dist/tex/generic/pgf/basiclayer/pgfcore.code.tex
Package: pgfcore 2020/01/08 v3.1.5b (3.1.5b)

(/media/erfan/66973671-edda-4fb8-85c1-bfe9a9c06aea/usr/local/texlive/2020/texmf
-dist/tex/generic/pgf/math/pgfmath.code.tex)
(/media/erfan/66973671-edda-4fb8-85c1-bfe9a9c06aea/usr/local/texlive/2020/texmf
-dist/tex/generic/pgf/math/pgfint.code.tex)
(/media/erfan/66973671-edda-4fb8-85c1-bfe9a9c06aea/usr/local/texlive/2020/texmf
-dist/tex/generic/pgf/basiclayer/pgfcorepoints.code.tex
File: pgfcorepoints.code.tex 2020/01/08 v3.1.5b (3.1.5b)
\pgf@picminx=\dimen283
\pgf@picmaxx=\dimen284
\pgf@picminy=\dimen285
\pgf@picmaxy=\dimen286
\pgf@pathminx=\dimen287
\pgf@pathmaxx=\dimen288
\pgf@pathminy=\dimen289
\pgf@pathmaxy=\dimen290
\pgf@xx=\dimen291
\pgf@xy=\dimen292
\pgf@yx=\dimen293
\pgf@yy=\dimen294
\pgf@zx=\dimen295
\pgf@zy=\dimen296
)
(/media/erfan/66973671-edda-4fb8-85c1-bfe9a9c06aea/usr/local/texlive/2020/texmf
-dist/tex/generic/pgf/basiclayer/pgfcorepathconstruct.code.tex
File: pgfcorepathconstruct.code.tex 2020/01/08 v3.1.5b (3.1.5b)
\pgf@path@lastx=\dimen297
\pgf@path@lasty=\dimen298
)
(/media/erfan/66973671-edda-4fb8-85c1-bfe9a9c06aea/usr/local/texlive/2020/texmf
-dist/tex/generic/pgf/basiclayer/pgfcorepathusage.code.tex
File: pgfcorepathusage.code.tex 2020/01/08 v3.1.5b (3.1.5b)
\pgf@shorten@end@additional=\dimen299
\pgf@shorten@start@additional=\dimen300
)
(/media/erfan/66973671-edda-4fb8-85c1-bfe9a9c06aea/usr/local/texlive/2020/texmf
-dist/tex/generic/pgf/basiclayer/pgfcorescopes.code.tex
File: pgfcorescopes.code.tex 2020/01/08 v3.1.5b (3.1.5b)
\pgfpic=\box100
\pgf@hbox=\box101
\pgf@layerbox@main=\box102
\pgf@picture@serial@count=\count324
)
(/media/erfan/66973671-edda-4fb8-85c1-bfe9a9c06aea/usr/local/texlive/2020/texmf
-dist/tex/generic/pgf/basiclayer/pgfcoregraphicstate.code.tex
File: pgfcoregraphicstate.code.tex 2020/01/08 v3.1.5b (3.1.5b)
\pgflinewidth=\dimen301
)
(/media/erfan/66973671-edda-4fb8-85c1-bfe9a9c06aea/usr/local/texlive/2020/texmf
-dist/tex/generic/pgf/basiclayer/pgfcoretransformations.code.tex
File: pgfcoretransformations.code.tex 2020/01/08 v3.1.5b (3.1.5b)
\pgf@pt@x=\dimen302
\pgf@pt@y=\dimen303
\pgf@pt@temp=\dimen304
)
(/media/erfan/66973671-edda-4fb8-85c1-bfe9a9c06aea/usr/local/texlive/2020/texmf
-dist/tex/generic/pgf/basiclayer/pgfcorequick.code.tex
File: pgfcorequick.code.tex 2020/01/08 v3.1.5b (3.1.5b)
)
(/media/erfan/66973671-edda-4fb8-85c1-bfe9a9c06aea/usr/local/texlive/2020/texmf
-dist/tex/generic/pgf/basiclayer/pgfcoreobjects.code.tex
File: pgfcoreobjects.code.tex 2020/01/08 v3.1.5b (3.1.5b)
)
(/media/erfan/66973671-edda-4fb8-85c1-bfe9a9c06aea/usr/local/texlive/2020/texmf
-dist/tex/generic/pgf/basiclayer/pgfcorepathprocessing.code.tex
File: pgfcorepathprocessing.code.tex 2020/01/08 v3.1.5b (3.1.5b)
)
(/media/erfan/66973671-edda-4fb8-85c1-bfe9a9c06aea/usr/local/texlive/2020/texmf
-dist/tex/generic/pgf/basiclayer/pgfcorearrows.code.tex
File: pgfcorearrows.code.tex 2020/01/08 v3.1.5b (3.1.5b)
\pgfarrowsep=\dimen305
)
(/media/erfan/66973671-edda-4fb8-85c1-bfe9a9c06aea/usr/local/texlive/2020/texmf
-dist/tex/generic/pgf/basiclayer/pgfcoreshade.code.tex
File: pgfcoreshade.code.tex 2020/01/08 v3.1.5b (3.1.5b)
\pgf@max=\dimen306
\pgf@sys@shading@range@num=\count325
\pgf@shadingcount=\count326
)
(/media/erfan/66973671-edda-4fb8-85c1-bfe9a9c06aea/usr/local/texlive/2020/texmf
-dist/tex/generic/pgf/basiclayer/pgfcoreimage.code.tex
File: pgfcoreimage.code.tex 2020/01/08 v3.1.5b (3.1.5b)

(/media/erfan/66973671-edda-4fb8-85c1-bfe9a9c06aea/usr/local/texlive/2020/texmf
-dist/tex/generic/pgf/basiclayer/pgfcoreexternal.code.tex
File: pgfcoreexternal.code.tex 2020/01/08 v3.1.5b (3.1.5b)
\pgfexternal@startupbox=\box103
))
(/media/erfan/66973671-edda-4fb8-85c1-bfe9a9c06aea/usr/local/texlive/2020/texmf
-dist/tex/generic/pgf/basiclayer/pgfcorelayers.code.tex
File: pgfcorelayers.code.tex 2020/01/08 v3.1.5b (3.1.5b)
)
(/media/erfan/66973671-edda-4fb8-85c1-bfe9a9c06aea/usr/local/texlive/2020/texmf
-dist/tex/generic/pgf/basiclayer/pgfcoretransparency.code.tex
File: pgfcoretransparency.code.tex 2020/01/08 v3.1.5b (3.1.5b)
)
(/media/erfan/66973671-edda-4fb8-85c1-bfe9a9c06aea/usr/local/texlive/2020/texmf
-dist/tex/generic/pgf/basiclayer/pgfcorepatterns.code.tex
File: pgfcorepatterns.code.tex 2020/01/08 v3.1.5b (3.1.5b)
)
(/media/erfan/66973671-edda-4fb8-85c1-bfe9a9c06aea/usr/local/texlive/2020/texmf
-dist/tex/generic/pgf/basiclayer/pgfcorerdf.code.tex
File: pgfcorerdf.code.tex 2020/01/08 v3.1.5b (3.1.5b)
)))
(/media/erfan/66973671-edda-4fb8-85c1-bfe9a9c06aea/usr/local/texlive/2020/texmf
-dist/tex/generic/pgf/modules/pgfmoduleshapes.code.tex
File: pgfmoduleshapes.code.tex 2020/01/08 v3.1.5b (3.1.5b)
\pgfnodeparttextbox=\box104
)
(/media/erfan/66973671-edda-4fb8-85c1-bfe9a9c06aea/usr/local/texlive/2020/texmf
-dist/tex/generic/pgf/modules/pgfmoduleplot.code.tex
File: pgfmoduleplot.code.tex 2020/01/08 v3.1.5b (3.1.5b)
)
(/media/erfan/66973671-edda-4fb8-85c1-bfe9a9c06aea/usr/local/texlive/2020/texmf
-dist/tex/latex/pgf/compatibility/pgfcomp-version-0-65.sty
Package: pgfcomp-version-0-65 2020/01/08 v3.1.5b (3.1.5b)
\pgf@nodesepstart=\dimen307
\pgf@nodesepend=\dimen308
)
(/media/erfan/66973671-edda-4fb8-85c1-bfe9a9c06aea/usr/local/texlive/2020/texmf
-dist/tex/latex/pgf/compatibility/pgfcomp-version-1-18.sty
Package: pgfcomp-version-1-18 2020/01/08 v3.1.5b (3.1.5b)
))
(/media/erfan/66973671-edda-4fb8-85c1-bfe9a9c06aea/usr/local/texlive/2020/texmf
-dist/tex/latex/pgf/utilities/pgffor.sty
(/media/erfan/66973671-edda-4fb8-85c1-bfe9a9c06aea/usr/local/texlive/2020/texmf
-dist/tex/latex/pgf/utilities/pgfkeys.sty
(/media/erfan/66973671-edda-4fb8-85c1-bfe9a9c06aea/usr/local/texlive/2020/texmf
-dist/tex/generic/pgf/utilities/pgfkeys.code.tex))
(/media/erfan/66973671-edda-4fb8-85c1-bfe9a9c06aea/usr/local/texlive/2020/texmf
-dist/tex/latex/pgf/math/pgfmath.sty
(/media/erfan/66973671-edda-4fb8-85c1-bfe9a9c06aea/usr/local/texlive/2020/texmf
-dist/tex/generic/pgf/math/pgfmath.code.tex))
(/media/erfan/66973671-edda-4fb8-85c1-bfe9a9c06aea/usr/local/texlive/2020/texmf
-dist/tex/generic/pgf/utilities/pgffor.code.tex
Package: pgffor 2020/01/08 v3.1.5b (3.1.5b)

(/media/erfan/66973671-edda-4fb8-85c1-bfe9a9c06aea/usr/local/texlive/2020/texmf
-dist/tex/generic/pgf/math/pgfmath.code.tex)
\pgffor@iter=\dimen309
\pgffor@skip=\dimen310
\pgffor@stack=\toks42
\pgffor@toks=\toks43
))
(/media/erfan/66973671-edda-4fb8-85c1-bfe9a9c06aea/usr/local/texlive/2020/texmf
-dist/tex/generic/pgf/frontendlayer/tikz/tikz.code.tex
Package: tikz 2020/01/08 v3.1.5b (3.1.5b)

(/media/erfan/66973671-edda-4fb8-85c1-bfe9a9c06aea/usr/local/texlive/2020/texmf
-dist/tex/generic/pgf/libraries/pgflibraryplothandlers.code.tex
File: pgflibraryplothandlers.code.tex 2020/01/08 v3.1.5b (3.1.5b)
\pgf@plot@mark@count=\count327
\pgfplotmarksize=\dimen311
)
\tikz@lastx=\dimen312
\tikz@lasty=\dimen313
\tikz@lastxsaved=\dimen314
\tikz@lastysaved=\dimen315
\tikz@lastmovetox=\dimen316
\tikz@lastmovetoy=\dimen317
\tikzleveldistance=\dimen318
\tikzsiblingdistance=\dimen319
\tikz@figbox=\box105
\tikz@figbox@bg=\box106
\tikz@tempbox=\box107
\tikz@tempbox@bg=\box108
\tikztreelevel=\count328
\tikznumberofchildren=\count329
\tikznumberofcurrentchild=\count330
\tikz@fig@count=\count331

(/media/erfan/66973671-edda-4fb8-85c1-bfe9a9c06aea/usr/local/texlive/2020/texmf
-dist/tex/generic/pgf/modules/pgfmodulematrix.code.tex
File: pgfmodulematrix.code.tex 2020/01/08 v3.1.5b (3.1.5b)
\pgfmatrixcurrentrow=\count332
\pgfmatrixcurrentcolumn=\count333
\pgf@matrix@numberofcolumns=\count334
)
\tikz@expandcount=\count335

(/media/erfan/66973671-edda-4fb8-85c1-bfe9a9c06aea/usr/local/texlive/2020/texmf
-dist/tex/generic/pgf/frontendlayer/tikz/libraries/tikzlibrarytopaths.code.tex
File: tikzlibrarytopaths.code.tex 2020/01/08 v3.1.5b (3.1.5b)
)))
(/media/erfan/66973671-edda-4fb8-85c1-bfe9a9c06aea/usr/local/texlive/2020/texmf
-dist/tex/generic/pgf/frontendlayer/tikz/libraries/tikzlibraryspy.code.tex
File: tikzlibraryspy.code.tex 2020/01/08 v3.1.5b (3.1.5b)
\tikz@lib@spybox=\box109
)
(/media/erfan/66973671-edda-4fb8-85c1-bfe9a9c06aea/usr/local/texlive/2020/texmf
-dist/tex/latex/listings/listings.sty
\lst@mode=\count336
\lst@gtempboxa=\box110
\lst@token=\toks44
\lst@length=\count337
\lst@currlwidth=\dimen320
\lst@column=\count338
\lst@pos=\count339
\lst@lostspace=\dimen321
\lst@width=\dimen322
\lst@newlines=\count340
\lst@lineno=\count341
\lst@maxwidth=\dimen323

(/media/erfan/66973671-edda-4fb8-85c1-bfe9a9c06aea/usr/local/texlive/2020/texmf
-dist/tex/latex/listings/lstmisc.sty
File: lstmisc.sty 2020/03/24 1.8d (Carsten Heinz)
\c@lstnumber=\count342
\lst@skipnumbers=\count343
\lst@framebox=\box111
)
(/media/erfan/66973671-edda-4fb8-85c1-bfe9a9c06aea/usr/local/texlive/2020/texmf
-dist/tex/latex/listings/listings.cfg
File: listings.cfg 2020/03/24 1.8d listings configuration
))
Package: listings 2020/03/24 1.8d (Carsten Heinz)

(/media/erfan/66973671-edda-4fb8-85c1-bfe9a9c06aea/usr/local/texlive/2020/texmf
-dist/tex/latex/algorithmicx/algorithmicx.sty
Package: algorithmicx 2005/04/27 v1.2 Algorithmicx

(/media/erfan/66973671-edda-4fb8-85c1-bfe9a9c06aea/usr/local/texlive/2020/texmf
-dist/tex/latex/base/ifthen.sty
Package: ifthen 2014/09/29 v1.1c Standard LaTeX ifthen package (DPC)
)
Document Style algorithmicx 1.2 - a greatly improved `algorithmic' style
\c@ALG@line=\count344
\c@ALG@rem=\count345
\c@ALG@nested=\count346
\ALG@tlm=\skip69
\ALG@thistlm=\skip70
\c@ALG@Lnr=\count347
\c@ALG@blocknr=\count348
\c@ALG@storecount=\count349
\c@ALG@tmpcounter=\count350
\ALG@tmplength=\skip71
)
(/media/erfan/66973671-edda-4fb8-85c1-bfe9a9c06aea/usr/local/texlive/2020/texmf
-dist/tex/latex/algorithms/algorithm.sty
Invalid UTF-8 byte or sequence at line 11 replaced by U+FFFD.
Package: algorithm 2009/08/24 v0.1 Document Style `algorithm' - floating enviro
nment

(/media/erfan/66973671-edda-4fb8-85c1-bfe9a9c06aea/usr/local/texlive/2020/texmf
-dist/tex/latex/float/float.sty
Package: float 2001/11/08 v1.3d Float enhancements (AL)
\c@float@type=\count351
\float@exts=\toks45
\float@box=\box112
\@float@everytoks=\toks46
\@floatcapt=\box113
)
\@float@every@algorithm=\toks47
\c@algorithm=\count352
)
(/media/erfan/66973671-edda-4fb8-85c1-bfe9a9c06aea/usr/local/texlive/2020/texmf
-dist/tex/latex/xifthen/xifthen.sty
Package: xifthen 2015/11/05 v1.4.0 Extended ifthen features

(/media/erfan/66973671-edda-4fb8-85c1-bfe9a9c06aea/usr/local/texlive/2020/texmf
-dist/tex/latex/tools/calc.sty
Package: calc 2017/05/25 v4.3 Infix arithmetic (KKT,FJ)
\calc@Acount=\count353
\calc@Bcount=\count354
\calc@Adimen=\dimen324
\calc@Bdimen=\dimen325
\calc@Askip=\skip72
\calc@Bskip=\skip73
LaTeX Info: Redefining \setlength on input line 80.
LaTeX Info: Redefining \addtolength on input line 81.
\calc@Ccount=\count355
\calc@Cskip=\skip74
)
(/media/erfan/66973671-edda-4fb8-85c1-bfe9a9c06aea/usr/local/texlive/2020/texmf
-dist/tex/latex/ifmtarg/ifmtarg.sty
Package: ifmtarg 2018/04/16 v1.2b check for an empty argument
))
(/media/erfan/66973671-edda-4fb8-85c1-bfe9a9c06aea/usr/local/texlive/2020/texmf
-dist/tex/xelatex/xepersian/xepersian.sty
Package: xepersian 2020-01-31 v22.8 Persian typesetting in XeLaTeX

(/media/erfan/66973671-edda-4fb8-85c1-bfe9a9c06aea/usr/local/texlive/2020/texmf
-dist/tex/latex/fontspec/fontspec.sty
(/media/erfan/66973671-edda-4fb8-85c1-bfe9a9c06aea/usr/local/texlive/2020/texmf
-dist/tex/latex/l3packages/xparse/xparse.sty
(/media/erfan/66973671-edda-4fb8-85c1-bfe9a9c06aea/usr/local/texlive/2020/texmf
-dist/tex/latex/l3kernel/expl3.sty
Package: expl3 2020-03-06 L3 programming layer (loader) 

(/media/erfan/66973671-edda-4fb8-85c1-bfe9a9c06aea/usr/local/texlive/2020/texmf
-dist/tex/latex/l3backend/l3backend-xdvipdfmx.def
File: l3backend-xdvipdfmx.def 2020-03-12 L3 backend support: xdvipdfmx
\g__graphics_track_int=\count356
\l__pdf_internal_box=\box114
\g__pdf_backend_object_int=\count357
\g__pdf_backend_annotation_int=\count358
))
Package: xparse 2020-03-06 L3 Experimental document command parser
\l__xparse_current_arg_int=\count359
\g__xparse_grabber_int=\count360
\l__xparse_m_args_int=\count361
\l__xparse_v_nesting_int=\count362
)
Package: fontspec 2020/02/21 v2.7i Font selection for XeLaTeX and LuaLaTeX

(/media/erfan/66973671-edda-4fb8-85c1-bfe9a9c06aea/usr/local/texlive/2020/texmf
-dist/tex/latex/fontspec/fontspec-xetex.sty
Package: fontspec-xetex 2020/02/21 v2.7i Font selection for XeLaTeX and LuaLaTe
X
\l__fontspec_script_int=\count363
\l__fontspec_language_int=\count364
\l__fontspec_strnum_int=\count365
\l__fontspec_tmp_int=\count366
\l__fontspec_tmpa_int=\count367
\l__fontspec_tmpb_int=\count368
\l__fontspec_tmpc_int=\count369
\l__fontspec_em_int=\count370
\l__fontspec_emdef_int=\count371
\l__fontspec_strong_int=\count372
\l__fontspec_strongdef_int=\count373
\l__fontspec_tmpa_dim=\dimen326
\l__fontspec_tmpb_dim=\dimen327
\l__fontspec_tmpc_dim=\dimen328

(/media/erfan/66973671-edda-4fb8-85c1-bfe9a9c06aea/usr/local/texlive/2020/texmf
-dist/tex/latex/base/fontenc.sty
Package: fontenc 2020/02/11 v2.0o Standard LaTeX package
)
(/media/erfan/66973671-edda-4fb8-85c1-bfe9a9c06aea/usr/local/texlive/2020/texmf
-dist/tex/latex/fontspec/fontspec.cfg)))
(/media/erfan/66973671-edda-4fb8-85c1-bfe9a9c06aea/usr/local/texlive/2020/texmf
-dist/tex/xelatex/xepersian/xepersian-persiancal.sty
Package: xepersian-persiancal 2012/07/25 v0.2 provides Persian calendar
\XePersian@i=\count374
\XePersian@y=\count375
\XePersian@m=\count376
\XePersian@d=\count377
\XePersian@latini=\count378
\XePersian@persiani=\count379
\XePersian@latinii=\count380
\XePersian@persianii=\count381
\XePersian@latiniii=\count382
\XePersian@persianiii=\count383
\XePersian@latiniv=\count384
\XePersian@persianiv=\count385
\XePersian@latinv=\count386
\XePersian@persianv=\count387
\XePersian@latinvi=\count388
\XePersian@persianvi=\count389
\XePersian@latinvii=\count390
\XePersian@persianvii=\count391
\XePersian@latinviii=\count392
\XePersian@persianviii=\count393
\XePersian@latinix=\count394
\XePersian@persianix=\count395
\XePersian@latinx=\count396
\XePersian@persianx=\count397
\XePersian@latinxi=\count398
\XePersian@persianxi=\count399
\XePersian@latinxii=\count400
\XePersian@persianxii=\count401
\XePersian@persianxiii=\count402
\XePersian@temp=\count403
\XePersian@temptwo=\count404
\XePersian@tempthree=\count405
\XePersian@yModHundred=\count406
\XePersian@thirtytwo=\count407
\XePersian@dn=\count408
\XePersian@sn=\count409
\XePersian@mminusone=\count410
)
(/media/erfan/66973671-edda-4fb8-85c1-bfe9a9c06aea/usr/local/texlive/2020/texmf
-dist/tex/xelatex/xepersian/xepersian-mathsdigitspec.sty
Package: xepersian-mathsdigitspec 2018/12/16 v1.1.7 Unicode Persian maths digit
s in XeLaTeX
)
(/media/erfan/66973671-edda-4fb8-85c1-bfe9a9c06aea/usr/local/texlive/2020/texmf
-dist/tex/xelatex/bidi/bidi.sty
Package: bidi 2020-01-29 v35.11 Bidirectional typesetting in plain TeX and LaTe
X

****************************************************
* 
* bidi package (Bidirectional typesetting in
* plain TeX and LaTeX, using XeTeX engine)
* 
* Description: A convenient interface for
* typesetting bidirectional texts in plain TeX
* and LaTeX. The package includes adaptations
* for use with many other commonly-used packages.
* 
* Copyright (c) 2009--2019 Vafa Khalighi
* 2018-2020 bidi-tex GitHub Organisation
* 
* v35.11, 2020-01-29
* 
* License: LaTeX Project Public License, version
* 1.3c or higher (your choice)
* 
* Location on CTAN: /macros/xetex/latex/bidi
* 
* Issue tracker: https://github.com/bidi-tex/bidi/issues
* 
****************************************************

(/media/erfan/66973671-edda-4fb8-85c1-bfe9a9c06aea/usr/local/texlive/2020/texmf
-dist/tex/xelatex/bidi/biditools.sty
Package: biditools 2020-01-29 v1.10 Programming tools for bidi package
\@bidi@envbody=\toks48
\@bidi@emptytoks=\toks49
\bidi@tempcountb=\count411
\bidi@temptoksa=\toks50
\bidi@temptoksb=\toks51
\bidi@dummies=\count412
\bidi@are@these@correct=\toks52
\bidi@toks@lista=\toks53
\bidi@toks@listb=\toks54
\bidi@stack@length=\count413
\bidi@empty@stack=\toks55
\bidi@looprepeat@depth=\count414
)
(/media/erfan/66973671-edda-4fb8-85c1-bfe9a9c06aea/usr/local/texlive/2020/texmf
-dist/tex/latex/zref/zref-abspage.sty
Package: zref-abspage 2020-03-03 v2.29 Module abspage for zref (HO)

(/media/erfan/66973671-edda-4fb8-85c1-bfe9a9c06aea/usr/local/texlive/2020/texmf
-dist/tex/latex/zref/zref-base.sty
Package: zref-base 2020-03-03 v2.29 Module base for zref (HO)
Package zref Info: New property list: main on input line 763.
Package zref Info: New property: default on input line 764.
Package zref Info: New property: page on input line 765.
)
\c@abspage=\count415
Package zref Info: New property: abspage on input line 66.
)
\@bidi@copyins@=\insert252

(/media/erfan/66973671-edda-4fb8-85c1-bfe9a9c06aea/usr/local/texlive/2020/texmf
-dist/tex/xelatex/bidi/latex-xetex-bidi.def
File: latex-xetex-bidi.def 2019/03/03 v1.3.7 bidi adaptations for `latex.ltx' f
or XeTeX engine
\bidi@n@everypar=\toks56
\bidi@column@check@number=\count416

(/media/erfan/66973671-edda-4fb8-85c1-bfe9a9c06aea/usr/local/texlive/2020/texmf
-dist/tex/xelatex/bidi/footnote-xetex-bidi.def
File: footnote-xetex-bidi.def 2017/08/09 v1.1 bidi footnote macros for XeTeX en
gine
\c@footdir@label=\count417
\footdir@toks=\toks57
)
(/media/erfan/66973671-edda-4fb8-85c1-bfe9a9c06aea/usr/local/texlive/2020/texmf
-dist/tex/xelatex/bidi/book-xetex-bidi.def
File: book-xetex-bidi.def 2017/06/09 v1.0 bidi adaptations for standard book cl
ass for XeTeX engine
)
(/media/erfan/66973671-edda-4fb8-85c1-bfe9a9c06aea/usr/local/texlive/2020/texmf
-dist/tex/xelatex/bidi/amsmath-xetex-bidi.def
File: amsmath-xetex-bidi.def 2018/01/08 v1.1 bidi adaptations for amsmath packa
ge for XeTeX engine
)
(/media/erfan/66973671-edda-4fb8-85c1-bfe9a9c06aea/usr/local/texlive/2020/texmf
-dist/tex/xelatex/bidi/amstext-xetex-bidi.def
File: amstext-xetex-bidi.def 2016/09/12 v0.2 bidi adaptations for amstext packa
ge for XeTeX engine
)
(/media/erfan/66973671-edda-4fb8-85c1-bfe9a9c06aea/usr/local/texlive/2020/texmf
-dist/tex/xelatex/bidi/caption-xetex-bidi.def
File: caption-xetex-bidi.def 2010/07/25 v0.1 bidi adaptations for caption packa
ge for XeTeX engine
)
(/media/erfan/66973671-edda-4fb8-85c1-bfe9a9c06aea/usr/local/texlive/2020/texmf
-dist/tex/xelatex/bidi/caption3-xetex-bidi.def
File: caption3-xetex-bidi.def 2013/04/01 v0.1 bidi adaptations for caption3 pac
kage for XeTeX engine
)
(/media/erfan/66973671-edda-4fb8-85c1-bfe9a9c06aea/usr/local/texlive/2020/texmf
-dist/tex/xelatex/bidi/color-xetex-bidi.def
File: color-xetex-bidi.def 2013/04/08 v0.2 bidi adaptations for color package f
or XeTeX engine
LaTeX Info: Redefining \color on input line 46.
)
(/media/erfan/66973671-edda-4fb8-85c1-bfe9a9c06aea/usr/local/texlive/2020/texmf
-dist/tex/xelatex/bidi/xcolor-xetex-bidi.def
File: xcolor-xetex-bidi.def 2013/04/08 v0.2 bidi adaptations for xcolor package
 for XeTeX engine
LaTeX Info: Redefining \color on input line 45.
LaTeX Info: Redefining \bidicolor on input line 88.
)
(/media/erfan/66973671-edda-4fb8-85c1-bfe9a9c06aea/usr/local/texlive/2020/texmf
-dist/tex/xelatex/bidi/float-xetex-bidi.def
File: float-xetex-bidi.def 2013/04/04 v0.2 bidi adaptations for float package f
or XeTeX engine
)
(/media/erfan/66973671-edda-4fb8-85c1-bfe9a9c06aea/usr/local/texlive/2020/texmf
-dist/tex/xelatex/bidi/wrapfig-xetex-bidi.def
File: wrapfig-xetex-bidi.def 2014/04/23 v0.3 bidi adaptations for wrapfig packa
ge for XeTeX engine
)
(/media/erfan/66973671-edda-4fb8-85c1-bfe9a9c06aea/usr/local/texlive/2020/texmf
-dist/tex/xelatex/bidi/graphicx-xetex-bidi.def
File: graphicx-xetex-bidi.def 2017/06/17 v0.5 bidi adaptations for graphicx pac
kage for XeTeX engine
)
(/media/erfan/66973671-edda-4fb8-85c1-bfe9a9c06aea/usr/local/texlive/2020/texmf
-dist/tex/xelatex/bidi/geometry-xetex-bidi.def
File: geometry-xetex-bidi.def 2017/01/14 v0.2 bidi adaptations for geometry pac
kage for XeTeX engine
)
(/media/erfan/66973671-edda-4fb8-85c1-bfe9a9c06aea/usr/local/texlive/2020/texmf
-dist/tex/xelatex/bidi/hyperref-xetex-bidi.def
File: hyperref-xetex-bidi.def 2018/11/11 v1.1 bidi adaptations for hyperref pac
kage for XeTeX engine
)
(/media/erfan/66973671-edda-4fb8-85c1-bfe9a9c06aea/usr/local/texlive/2020/texmf
-dist/tex/xelatex/bidi/fancyhdr-xetex-bidi.def
File: fancyhdr-xetex-bidi.def 2018/02/15 v0.7 bidi adaptations for fancyhdr pac
kage for XeTeX engine
)
(/media/erfan/66973671-edda-4fb8-85c1-bfe9a9c06aea/usr/local/texlive/2020/texmf
-dist/tex/xelatex/bidi/listings-xetex-bidi.def
File: listings-xetex-bidi.def 2018/09/15 v1.5 bidi adaptations for listings pac
kage for XeTeX engine
)
(/media/erfan/66973671-edda-4fb8-85c1-bfe9a9c06aea/usr/local/texlive/2020/texmf
-dist/tex/xelatex/bidi/pstricks-xetex-bidi.def
File: pstricks-xetex-bidi.def 2015/11/18 v0.5 bidi adaptations for pstricks pac
kage for XeTeX engine
)
(/media/erfan/66973671-edda-4fb8-85c1-bfe9a9c06aea/usr/local/texlive/2020/texmf
-dist/tex/xelatex/bidi/pgfcorescopes.code-xetex-bidi.def
File: pgfcorescopes.code-xetex-bidi.def 2015/11/14 v0.1 bidi adaptations for pg
f package for XeTeX engine
)
(/media/erfan/66973671-edda-4fb8-85c1-bfe9a9c06aea/usr/local/texlive/2020/texmf
-dist/tex/xelatex/bidi/multicol-xetex-bidi.def
File: multicol-xetex-bidi.def 2020-01-29 v1.2 bidi adaptations for multicol pac
kage for XeTeX engine
))
(/media/erfan/66973671-edda-4fb8-85c1-bfe9a9c06aea/usr/local/texlive/2020/texmf
-dist/tex/xelatex/bidi/loadingorder-xetex-bidi.def
File: loadingorder-xetex-bidi.def 2017/12/29 v0.97 making sure that bidi is the
 last package loaded
)
\bidi@digits=\count418
\bidi@digits@charclass=\XeTeXcharclass1
\bidi@sepmark@charclass=\XeTeXcharclass2
)
****************************************************
* 
* xepersian package (Persian for LaTeX, using XeTeX engine)
* 
* Description: The package supports Persian
* typesetting, using fonts provided in the
* distribution.
* 
* Copyright (c) 2008-2019 Vafa Khalighi
* 2018-2020 bidi-tex GitHub Organisation
* 
* v22.8, 2020-01-31
* 
* License: LaTeX Project Public License, version
* 1.3c or higher (your choice)
* 
* Location on CTAN: /macros/xetex/latex/xepersian
* 
* Issue tracker: https://github.com/bidi-tex/xepersian/issues
* 
****************************************************
\xepersian@tcl=\count419
\xepersian@ilg=\dimen329
\xepersian@strutilg=\dimen330

(/media/erfan/66973671-edda-4fb8-85c1-bfe9a9c06aea/usr/local/texlive/2020/texmf
-dist/tex/xelatex/xepersian/loadingorder-xepersian.def
File: loadingorder-xepersian.def 2018/09/29 v0.5 making sure that xepersian is 
the last package loaded
)
(/media/erfan/66973671-edda-4fb8-85c1-bfe9a9c06aea/usr/local/texlive/2020/texmf
-dist/tex/xelatex/xepersian/footnote-xepersian.def
File: footnote-xepersian.def 2017/08/09 v0.6 footnote macros for xepersian pack
age
)
(/media/erfan/66973671-edda-4fb8-85c1-bfe9a9c06aea/usr/local/texlive/2020/texmf
-dist/tex/xelatex/xepersian/listings-xepersian.def
File: listings-xepersian.def 2014/07/17 v0.3 bilingual captions for listings pa
ckage
)
(/media/erfan/66973671-edda-4fb8-85c1-bfe9a9c06aea/usr/local/texlive/2020/texmf
-dist/tex/xelatex/xepersian/algorithm-xepersian.def
File: algorithm-xepersian.def 2010/07/25 v0.2 adaptations for algorithm package

)
(/media/erfan/66973671-edda-4fb8-85c1-bfe9a9c06aea/usr/local/texlive/2020/texmf
-dist/tex/xelatex/xepersian/hyperref-xepersian.def
File: hyperref-xepersian.def 2015/02/02 v0.6 bilingual captions for hyperref pa
ckage
)
(/media/erfan/66973671-edda-4fb8-85c1-bfe9a9c06aea/usr/local/texlive/2020/texmf
-dist/tex/xelatex/xepersian/tikz.code-xepersian.def
File: tikz.code-xepersian.def 2018/12/11 v0.1 adaptations for tikz.code.tex fil
e
)
(/media/erfan/66973671-edda-4fb8-85c1-bfe9a9c06aea/usr/local/texlive/2020/texmf
-dist/tex/xelatex/xepersian/book-xepersian.def
File: book-xepersian.def 2010/07/25 v0.2 adaptations for standard book class
)
(/media/erfan/66973671-edda-4fb8-85c1-bfe9a9c06aea/usr/local/texlive/2020/texmf
-dist/tex/xelatex/xepersian/localise-xepersian.def
File: localise-xepersian.def 2014/07/10 v0.2b Persian localisation of LaTeX2e

(/media/erfan/66973671-edda-4fb8-85c1-bfe9a9c06aea/usr/local/texlive/2020/texmf
-dist/tex/xelatex/xepersian/latex-localise-commands-xepersian.def
File: latex-localise-commands-xepersian.def 2014/02/05 v0.3 Persian localisatio
n of LaTeX2e commands
)
(/media/erfan/66973671-edda-4fb8-85c1-bfe9a9c06aea/usr/local/texlive/2020/texmf
-dist/tex/xelatex/xepersian/xepersian-localise-commands-xepersian.def
File: xepersian-localise-commands-xepersian.def 2012/07/25 v0.2 Persian localis
ation of XePersian commands
)
(/media/erfan/66973671-edda-4fb8-85c1-bfe9a9c06aea/usr/local/texlive/2020/texmf
-dist/tex/xelatex/xepersian/latex-localise-environments-xepersian.def
File: latex-localise-environments-xepersian.def 2010/07/25 v0.2 Persian localis
ation of LaTeX2e environments
)
(/media/erfan/66973671-edda-4fb8-85c1-bfe9a9c06aea/usr/local/texlive/2020/texmf
-dist/tex/xelatex/xepersian/xepersian-localise-environments-xepersian.def
File: xepersian-localise-environments-xepersian.def 2010/07/25 v0.1 Persian loc
alisation of XePersian and bidi environments
)
(/media/erfan/66973671-edda-4fb8-85c1-bfe9a9c06aea/usr/local/texlive/2020/texmf
-dist/tex/xelatex/xepersian/latex-localise-messages-xepersian.def
File: latex-localise-messages-xepersian.def 2011/03/01 v0.1 localising LaTeX2e 
messages
)
(/media/erfan/66973671-edda-4fb8-85c1-bfe9a9c06aea/usr/local/texlive/2020/texmf
-dist/tex/xelatex/xepersian/latex-localise-misc-xepersian.def
File: latex-localise-misc-xepersian.def 2012/01/01 v0.2 miscellaneous Persian l
ocalisation of LaTeX2e
)
(/media/erfan/66973671-edda-4fb8-85c1-bfe9a9c06aea/usr/local/texlive/2020/texmf
-dist/tex/xelatex/xepersian/packages-localise-xepersian.def
File: packages-localise-xepersian.def 2013/04/24 v0.2 localising LaTeX2e Packag
es

(/media/erfan/66973671-edda-4fb8-85c1-bfe9a9c06aea/usr/local/texlive/2020/texmf
-dist/tex/xelatex/xepersian/color-localise-xepersian.def
File: color-localise-xepersian.def 2011/03/01 v0.1 localising color package
)))
(/media/erfan/66973671-edda-4fb8-85c1-bfe9a9c06aea/usr/local/texlive/2020/texmf
-dist/tex/xelatex/bidi/extrafootnotefeatures-xetex-bidi.def
File: extrafootnotefeatures-xetex-bidi.def 2018/10/11 v1.7 bidi extra footnote 
features for XeTeX engine
\footmarkwidth=\skip75
\footinsdim=\skip76
\footinsv@r=\insert251
\footinsv@l=\insert250
\@mpfootinsv@r=\insert249
\@mpfootinsv@l=\insert248
\m@m@k=\count420
\m@m@h=\dimen331
\m@mipn@skip=\skip77
)
(/media/erfan/66973671-edda-4fb8-85c1-bfe9a9c06aea/usr/local/texlive/2020/texmf
-dist/tex/xelatex/xepersian/extrafootnotefeatures-xepersian.def
File: extrafootnotefeatures-xepersian.def 2012/01/01 v0.2 footnote macros for e
xtrafootnotefeatures option of xepersian package
)

Package fontspec Info: Font family 'lmroman10-regular(0)' created for font
(fontspec)             'lmroman10-regular' with options
(fontspec)             [Ligatures=TeX,Path,BoldFont={lmroman10-bold},BoldItalic
Font={lmroman10-bolditalic},ItalicFont={lmroman10-italic},SmallCapsFont={lmroma
ncaps10-regular},SlantedFont={lmromanslant10-regular},BoldSlantedFont={lmromans
lant10-bold}].
(fontspec)              
(fontspec)              This font family consists of the following NFSS
(fontspec)             series/shapes:
(fontspec)              
(fontspec)             - 'normal' (m/n) with NFSS spec.:
(fontspec)             <->"[lmroman10-regular]/OT:script=latn;language=dflt;map
ping=tex-text;"
(fontspec)             - 'small caps'  (m/sc) with NFSS spec.:
(fontspec)             <->"[lmromancaps10-regular]/OT:script=latn;language=dflt
;mapping=tex-text;"
(fontspec)             - 'bold' (b/n) with NFSS spec.:
(fontspec)             <->"[lmroman10-bold]/OT:script=latn;language=dflt;mappin
g=tex-text;"
(fontspec)             - 'bold small caps'  (b/sc) with NFSS spec.:
(fontspec)             <->"[lmromancaps10-regular]/OT:script=latn;language=dflt
;mapping=tex-text;"
(fontspec)             - 'italic' (m/it) with NFSS spec.:
(fontspec)             <->"[lmroman10-italic]/OT:script=latn;language=dflt;mapp
ing=tex-text;"
(fontspec)             - 'italic small caps'  (m/scit) with NFSS spec.:
(fontspec)             <->"[lmromancaps10-regular]/OT:script=latn;language=dflt
;mapping=tex-text;"
(fontspec)             - 'slanted' (m/sl) with NFSS spec.:
(fontspec)             <->"[lmromanslant10-regular]/OT:script=latn;language=dfl
t;mapping=tex-text;"
(fontspec)             - 'slanted small caps'  (m/scsl) with NFSS spec.:
(fontspec)             <->"[lmromancaps10-regular]/OT:script=latn;language=dflt
;mapping=tex-text;"
(fontspec)             - 'bold italic' (b/it) with NFSS spec.:
(fontspec)             <->"[lmroman10-bolditalic]/OT:script=latn;language=dflt;
mapping=tex-text;"
(fontspec)             - 'bold italic small caps'  (b/scit) with NFSS spec.:
(fontspec)             <->"[lmromancaps10-regular]/OT:script=latn;language=dflt
;mapping=tex-text;"
(fontspec)             - 'bold slanted' (b/sl) with NFSS spec.:
(fontspec)             <->"[lmromanslant10-bold]/OT:script=latn;language=dflt;m
apping=tex-text;"
(fontspec)             - 'bold slanted small caps'  (b/scsl) with NFSS spec.:
(fontspec)             <->"[lmromancaps10-regular]/OT:script=latn;language=dflt
;mapping=tex-text;"

)
(/media/erfan/66973671-edda-4fb8-85c1-bfe9a9c06aea/usr/local/texlive/2020/texmf
-dist/tex/latex/algorithmicx/algpseudocode.sty
Package: algpseudocode 

Document Style - pseudocode environments for use with the `algorithmicx' style
)
(/media/erfan/66973671-edda-4fb8-85c1-bfe9a9c06aea/usr/local/texlive/2020/texmf
-dist/tex/latex/footmisc/footmisc.sty
Package: footmisc 2011/06/06 v5.5b a miscellany of footnote facilities
\FN@temptoken=\toks58
\footnotemargin=\dimen332
\c@pp@next@reset=\count421
Package footmisc Info: Declaring symbol style bringhurst on input line 855.
Package footmisc Info: Declaring symbol style chicago on input line 863.
Package footmisc Info: Declaring symbol style wiley on input line 872.
Package footmisc Info: Declaring symbol style lamport-robust on input line 883.

Package footmisc Info: Declaring symbol style lamport* on input line 903.
Package footmisc Info: Declaring symbol style lamport*-robust on input line 924
.
) (./styles/alg-fa.tex)
*geometry* verbose mode - [ newgeometry ] result:
* driver: 
* paper: a4paper
* layout: <same size as paper>
* layoutoffset:(h,v)=(0.0pt,0.0pt)
* modes: 
* h-part:(L,W,R)=(71.13188pt, 441.01773pt, 85.35826pt)
* v-part:(T,H,B)=(99.58464pt, 645.87756pt, 99.58464pt)
* \paperwidth=597.50787pt
* \paperheight=845.04684pt
* \textwidth=441.01773pt
* \textheight=645.87756pt
* \oddsidemargin=-1.1381pt
* \evensidemargin=-1.1381pt
* \topmargin=-17.55914pt
* \headheight=25.0pt
* \headsep=19.8738pt
* \topskip=12.0pt
* \footskip=30.0pt
* \marginparwidth=38.0pt
* \marginparsep=7.0pt
* \columnsep=10.0pt
* \skip\footins=10.8pt plus 4.0pt minus 2.0pt
* \hoffset=0.0pt
* \voffset=0.0pt
* \mag=1000
* \@twocolumnfalse
* \@twosidefalse
* \@mparswitchfalse
* \@reversemarginfalse
* (1in=72.27pt=25.4mm, 1cm=28.453pt)


Package fontspec Info: Font family 'XBNiloofar(0)' created for font 'XB
(fontspec)             Niloofar' with options
(fontspec)             [Script=Persian,Ligatures=PersianTeX,Scale=1.09,Extensio
n=.ttf,Path=styles/fonts/,BoldFont=XB
(fontspec)             NiloofarBd,ItalicFont=XB NiloofarIt,BoldItalicFont=XB
(fontspec)             NiloofarBdIt].
(fontspec)              
(fontspec)              This font family consists of the following NFSS
(fontspec)             series/shapes:
(fontspec)              
(fontspec)             - 'normal' (m/n) with NFSS spec.:
(fontspec)             <->s*[1.09]"[styles/fonts/XB
(fontspec)             Niloofar.ttf]/OT:script=arab;language=dflt;mapping=persi
an-tex-text;"
(fontspec)             - 'small caps'  (m/sc) with NFSS spec.: 
(fontspec)             - 'bold' (b/n) with NFSS spec.:
(fontspec)             <->s*[1.09]"[styles/fonts/XB
(fontspec)             NiloofarBd.ttf]/OT:script=arab;language=dflt;mapping=per
sian-tex-text;"
(fontspec)             - 'bold small caps'  (b/sc) with NFSS spec.: 
(fontspec)             - 'italic' (m/it) with NFSS spec.:
(fontspec)             <->s*[1.09]"[styles/fonts/XB
(fontspec)             NiloofarIt.ttf]/OT:script=arab;language=dflt;mapping=per
sian-tex-text;"
(fontspec)             - 'italic small caps'  (m/scit) with NFSS spec.: 
(fontspec)             - 'bold italic' (b/it) with NFSS spec.:
(fontspec)             <->s*[1.09]"[styles/fonts/XB
(fontspec)             NiloofarBdIt.ttf]/OT:script=arab;language=dflt;mapping=p
ersian-tex-text;"
(fontspec)             - 'bold italic small caps'  (b/scit) with NFSS spec.: 

LaTeX Font Info:    Font shape `TU/XBNiloofar(0)/m/n' will be
(Font)              scaled to size 13.07996pt on input line 56.

Package fontspec Info: Font family 'XBNiloofar(1)' created for font 'XB
(fontspec)             Niloofar' with options
(fontspec)             [Ligatures=PersianTeX,Scale=1.09,Extension=.ttf,Path=sty
les/fonts/,BoldFont=XB
(fontspec)             NiloofarBd,ItalicFont=XB NiloofarIt,BoldItalicFont=XB
(fontspec)             NiloofarBdIt].
(fontspec)              
(fontspec)              This font family consists of the following NFSS
(fontspec)             series/shapes:
(fontspec)              
(fontspec)             - 'normal' (m/n) with NFSS spec.:
(fontspec)             <->s*[1.09]"[styles/fonts/XB
(fontspec)             Niloofar.ttf]/OT:script=latn;language=dflt;mapping=persi
an-tex-text;"
(fontspec)             - 'small caps'  (m/sc) with NFSS spec.: 
(fontspec)             - 'bold' (b/n) with NFSS spec.:
(fontspec)             <->s*[1.09]"[styles/fonts/XB
(fontspec)             NiloofarBd.ttf]/OT:script=latn;language=dflt;mapping=per
sian-tex-text;"
(fontspec)             - 'bold small caps'  (b/sc) with NFSS spec.: 
(fontspec)             - 'italic' (m/it) with NFSS spec.:
(fontspec)             <->s*[1.09]"[styles/fonts/XB
(fontspec)             NiloofarIt.ttf]/OT:script=latn;language=dflt;mapping=per
sian-tex-text;"
(fontspec)             - 'italic small caps'  (m/scit) with NFSS spec.: 
(fontspec)             - 'bold italic' (b/it) with NFSS spec.:
(fontspec)             <->s*[1.09]"[styles/fonts/XB
(fontspec)             NiloofarBdIt.ttf]/OT:script=latn;language=dflt;mapping=p
ersian-tex-text;"
(fontspec)             - 'bold italic small caps'  (b/scit) with NFSS spec.: 

Package xepersian-mathsdigitspec Info: DefiningthedefaultPersianmathsdigitsfont
as'XB Niloofar' on input line 65.
\symOPERATORS=\mathgroup6
\symnew@mathbf@font@digits=\mathgroup7
\symnew@mathit@font@digits=\mathgroup8
\symnew@mathrm@font@digits=\mathgroup9

Package fontspec Info: Font family 'XBKayhanPook(0)' created for font 'XB
(fontspec)             Kayhan Pook' with options
(fontspec)             [Script=Persian,Ligatures=PersianTeX,Scale=1,Path=styles
/fonts/].
(fontspec)              
(fontspec)              This font family consists of the following NFSS
(fontspec)             series/shapes:
(fontspec)              
(fontspec)             - 'normal' (m/n) with NFSS spec.:
(fontspec)             <->s*[1]"[styles/fonts/XB Kayhan
(fontspec)             Pook]/OT:script=arab;language=dflt;mapping=persian-tex-t
ext;"
(fontspec)             - 'small caps'  (m/sc) with NFSS spec.: 

\c@=\count422
\c@=\count423
\c@=\count424
\c@=\count425
)
(./styles/custom.tex) (./thesis.aux (./chapters/preprocess.aux

LaTeX Warning: Label `' multiply defined.


LaTeX Warning: Label `arg3' multiply defined.


LaTeX Warning: Label `' multiply defined.


LaTeX Warning: Label `arg3' multiply defined.


LaTeX Warning: Label `arg3' multiply defined.


LaTeX Warning: Label `arg3' multiply defined.


LaTeX Warning: Label `arg3' multiply defined.


LaTeX Warning: Label `arg3' multiply defined.


LaTeX Warning: Label `arg3' multiply defined.


LaTeX Warning: Label `arg3' multiply defined.


LaTeX Warning: Label `arg3' multiply defined.


LaTeX Warning: Label `arg3' multiply defined.

))
\openout1 = `thesis.aux'.

LaTeX Font Info:    Checking defaults for OML/cmm/m/it on input line 27.
LaTeX Font Info:    ... okay on input line 27.
LaTeX Font Info:    Checking defaults for OMS/cmsy/m/n on input line 27.
LaTeX Font Info:    ... okay on input line 27.
LaTeX Font Info:    Checking defaults for OT1/cmr/m/n on input line 27.
LaTeX Font Info:    ... okay on input line 27.
LaTeX Font Info:    Checking defaults for T1/cmr/m/n on input line 27.
LaTeX Font Info:    ... okay on input line 27.
LaTeX Font Info:    Checking defaults for TS1/cmr/m/n on input line 27.
LaTeX Font Info:    Trying to load font information for TS1+cmr on input line 2
7.

(/media/erfan/66973671-edda-4fb8-85c1-bfe9a9c06aea/usr/local/texlive/2020/texmf
-dist/tex/latex/base/ts1cmr.fd
File: ts1cmr.fd 2019/12/16 v2.5j Standard LaTeX font definitions
)
LaTeX Font Info:    ... okay on input line 27.
LaTeX Font Info:    Checking defaults for TU/lmr/m/n on input line 27.
LaTeX Font Info:    ... okay on input line 27.
LaTeX Font Info:    Checking defaults for OMX/cmex/m/n on input line 27.
LaTeX Font Info:    ... okay on input line 27.
LaTeX Font Info:    Checking defaults for U/cmr/m/n on input line 27.
LaTeX Font Info:    ... okay on input line 27.
LaTeX Font Info:    Checking defaults for PD1/pdf/m/n on input line 27.
LaTeX Font Info:    ... okay on input line 27.
LaTeX Font Info:    Checking defaults for PU/pdf/m/n on input line 27.
LaTeX Font Info:    ... okay on input line 27.
\AtBeginShipoutBox=\box115
Package hyperref Info: Link coloring ON on input line 27.

(/media/erfan/66973671-edda-4fb8-85c1-bfe9a9c06aea/usr/local/texlive/2020/texmf
-dist/tex/latex/hyperref/nameref.sty
Package: nameref 2019/09/16 v2.46 Cross-referencing by name of section

(/media/erfan/66973671-edda-4fb8-85c1-bfe9a9c06aea/usr/local/texlive/2020/texmf
-dist/tex/latex/refcount/refcount.sty
Package: refcount 2019/12/15 v3.6 Data extraction from label references (HO)
)
(/media/erfan/66973671-edda-4fb8-85c1-bfe9a9c06aea/usr/local/texlive/2020/texmf
-dist/tex/generic/gettitlestring/gettitlestring.sty
Package: gettitlestring 2019/12/15 v1.6 Cleanup title references (HO)
)
\c@section@level=\count426
)
LaTeX Info: Redefining \ref on input line 27.
LaTeX Info: Redefining \pageref on input line 27.
LaTeX Info: Redefining \nameref on input line 27.
 (./thesis.out)
(./thesis.out)
\@outlinefile=\write4
\openout4 = `thesis.out'.

Package caption Info: Begin \AtBeginDocument code.
Package caption Info: subfig package v1.3 is loaded.
Package caption Info: float package is loaded.
Package caption Info: listings package is loaded.
Package caption Info: wrapfig package is loaded.
Package caption Info: End \AtBeginDocument code.

*geometry* driver: auto-detecting
*geometry* detected driver: xetex
*geometry* verbose mode - [ preamble ] result:
* driver: xetex
* paper: a4paper
* layout: <same size as paper>
* layoutoffset:(h,v)=(0.0pt,0.0pt)
* modes: 
* h-part:(L,W,R)=(71.13188pt, 441.01773pt, 85.35826pt)
* v-part:(T,H,B)=(99.58464pt, 645.87756pt, 99.58464pt)
* \paperwidth=597.50787pt
* \paperheight=845.04684pt
* \textwidth=441.01773pt
* \textheight=645.87756pt
* \oddsidemargin=-1.1381pt
* \evensidemargin=-1.1381pt
* \topmargin=-17.55914pt
* \headheight=25.0pt
* \headsep=19.8738pt
* \topskip=12.0pt
* \footskip=30.0pt
* \marginparwidth=38.0pt
* \marginparsep=7.0pt
* \columnsep=10.0pt
* \skip\footins=10.8pt plus 4.0pt minus 2.0pt
* \hoffset=0.0pt
* \voffset=0.0pt
* \mag=1000
* \@twocolumnfalse
* \@twosidefalse
* \@mparswitchfalse
* \@reversemarginfalse
* (1in=72.27pt=25.4mm, 1cm=28.453pt)

ABD: EveryShipout initializing macros
\c@lstlisting=\count427
 (./front/info.tex)
(./front/template/title.tex
File: front/template/images/logo.png Graphic file (type bmp)
<front/template/images/logo.png>
LaTeX Font Info:    Font shape `TU/XBNiloofar(0)/m/n' will be
(Font)              scaled to size 15.69594pt on input line 8.
LaTeX Font Info:    Font shape `TU/XBNiloofar(0)/m/n' will be
(Font)              scaled to size 22.60652pt on input line 24.
LaTeX Font Info:    Font shape `TU/XBNiloofar(0)/b/n' will be
(Font)              scaled to size 22.60652pt on input line 24.
LaTeX Font Info:    Font shape `TU/XBNiloofar(0)/b/n' will be
(Font)              scaled to size 15.69594pt on input line 29.

(/media/erfan/66973671-edda-4fb8-85c1-bfe9a9c06aea/usr/local/texlive/2020/texmf
-dist/tex/generic/stringenc/se-ascii-print.def
File: se-ascii-print.def 2019/11/29 v1.12 stringenc: Printable ASCII characters

) [1


])
LaTeX Font Info:    Font shape `TU/XBNiloofar(0)/m/n' will be
(Font)              scaled to size 27.11911pt on input line 49.
LaTeX Font Info:    Font shape `TU/XBNiloofar(0)/b/n' will be
(Font)              scaled to size 27.11911pt on input line 49.
 (./thesis.toc
LaTeX Font Info:    Font shape `TU/XBNiloofar(0)/b/n' will be
(Font)              scaled to size 13.07996pt on input line 1.
LaTeX Font Info:    Trying to load font information for U+msa on input line 2.

(/media/erfan/66973671-edda-4fb8-85c1-bfe9a9c06aea/usr/local/texlive/2020/texmf
-dist/tex/latex/amsfonts/umsa.fd
File: umsa.fd 2013/01/14 v3.01 AMS symbols A
)
LaTeX Font Info:    Trying to load font information for U+msb on input line 2.

(/media/erfan/66973671-edda-4fb8-85c1-bfe9a9c06aea/usr/local/texlive/2020/texmf
-dist/tex/latex/amsfonts/umsb.fd
File: umsb.fd 2013/01/14 v3.01 AMS symbols B
)
LaTeX Font Info:    Font shape `TU/XBNiloofar(1)/m/n' will be
(Font)              scaled to size 13.07996pt on input line 2.
LaTeX Font Info:    Font shape `TU/XBNiloofar(1)/m/n' will be
(Font)              scaled to size 8.71997pt on input line 2.
LaTeX Font Info:    Font shape `TU/XBNiloofar(1)/m/n' will be
(Font)              scaled to size 6.53998pt on input line 2.
LaTeX Font Info:    Font shape `TU/XBNiloofar(1)/bx/n' in size <12> not availab
le
(Font)              Font shape `TU/XBNiloofar(1)/b/n' tried instead on input li
ne 2.
LaTeX Font Info:    Font shape `TU/XBNiloofar(1)/b/n' will be
(Font)              scaled to size 13.07996pt on input line 2.
LaTeX Font Info:    Font shape `TU/XBNiloofar(1)/bx/n' in size <8> not availabl
e
(Font)              Font shape `TU/XBNiloofar(1)/b/n' tried instead on input li
ne 2.
LaTeX Font Info:    Font shape `TU/XBNiloofar(1)/b/n' will be
(Font)              scaled to size 8.71997pt on input line 2.
LaTeX Font Info:    Font shape `TU/XBNiloofar(1)/bx/n' in size <6> not availabl
e
(Font)              Font shape `TU/XBNiloofar(1)/b/n' tried instead on input li
ne 2.
LaTeX Font Info:    Font shape `TU/XBNiloofar(1)/b/n' will be
(Font)              scaled to size 6.53998pt on input line 2.
LaTeX Font Info:    Font shape `TU/XBNiloofar(1)/m/it' will be
(Font)              scaled to size 13.07996pt on input line 2.
LaTeX Font Info:    Font shape `TU/XBNiloofar(1)/m/it' will be
(Font)              scaled to size 8.71997pt on input line 2.
LaTeX Font Info:    Font shape `TU/XBNiloofar(1)/m/it' will be
(Font)              scaled to size 6.53998pt on input line 2.
)
\tf@toc=\write5
\openout5 = `thesis.toc'.

 [2

] (./thesis.lof
Overfull \hbox (0.3806pt too wide) detected at line 15
\TU/XBNiloofar(0)/m/n/12 - 
 []


Overfull \hbox (0.3806pt too wide) detected at line 16
\TU/XBNiloofar(0)/m/n/12 - 
 []

)
\tf@lof=\write6
\openout6 = `thesis.lof'.

 [3

]
\openout2 = `chapters/preprocess.aux'.

 (./chapters/preprocess.tex
 1.
LaTeX Font Info:    Font shape `TU/XBNiloofar(0)/m/n' will be
(Font)              scaled to size 18.83513pt on input line 4.
LaTeX Font Info:    Font shape `TU/XBNiloofar(0)/b/n' will be
(Font)              scaled to size 18.83513pt on input line 4.
File: figs/autopsf.png Graphic file (type bmp)
<figs/autopsf.png>
[1


]
File: figs/solvate.png Graphic file (type bmp)
<figs/solvate.png>


LaTeX Warning: `!h' float specifier changed to `!ht'.

[2]
Underfull \hbox (badness 10000) in paragraph at lines 44--45
[][]
 []


Underfull \hbox (badness 10000) in paragraph at lines 46--47
[][]
 []


Underfull \hbox (badness 10000) in paragraph at lines 56--57
[][]
 []

[3]
File: figs/box.png Graphic file (type bmp)
<figs/box.png>
 [4]
 2.
File: figs/copy.png Graphic file (type bmp)
<figs/copy.png>
File: figs/conf.png Graphic file (type bmp)
<figs/conf.png>
[5

]
File: figs/log.png Graphic file (type bmp)
<figs/log.png>
Missing character: There is no  in font [lmmono12-regular]:!
 [6]
Overfull \hbox (123.29417pt too wide) in paragraph at lines 117--119
[][][][]\TU/lmtt/m/n/12 resid 1 CA : {26.240999 24.927999 3.279000} []resid 76 
CA : {36.798000 39.930000 32.453998} []
 []

[7]
File: figs/xyz.png Graphic file (type bmp)
<figs/xyz.png>


LaTeX Warning: `!h' float specifier changed to `!ht'.

[8]
File: figs/common.png Graphic file (type bmp)
<figs/common.png>
File: figs/pullcf.png Graphic file (type bmp)
<figs/pullcf.png>


LaTeX Warning: `!h' float specifier changed to `!ht'.

[9]
File: figs/adjust.png Graphic file (type bmp)
<figs/adjust.png>
File: figs/simul.png Graphic file (type bmp)
<figs/simul.png>


LaTeX Warning: `!h' float specifier changed to `!ht'.

[10]
File: figs/timestep.png Graphic file (type bmp)
<figs/timestep.png>
File: figs/log.png Graphic file (type bmp)
<figs/log.png>


LaTeX Warning: `!h' float specifier changed to `!ht'.

[11]
File: figs/frame.png Graphic file (type bmp)
<figs/frame.png>
) [12] (./bibs/bibs.tex (./thesis.bbl) [13


])
Package atveryend Info: Empty hook `BeforeClearDocument' on input line 85.
Package atveryend Info: Empty hook `AfterLastShipout' on input line 85.
 (./thesis.aux
(./chapters/preprocess.aux))
Package atveryend Info: Empty hook `AtVeryEndDocument' on input line 85.
Package atveryend Info: Executing hook `AtEndAfterFileList' on input line 85.
Package rerunfilecheck Info: File `thesis.out' has not changed.
(rerunfilecheck)             Checksum: 2741261E29AD0FA972BFA2681A1E006F;611.


LaTeX Warning: There were multiply-defined labels.

Package atveryend Info: Empty hook `AtVeryVeryEnd' on input line 85.
 ) 
Here is how much of TeX's memory you used:
 32017 strings out of 479418
 636861 string characters out of 5884584
 966305 words of memory out of 5000000
 48795 multiletter control sequences out of 15000+600000
 537912 words of font info for 94 fonts, out of 8000000 for 9000
 1348 hyphenation exceptions out of 8191
 67i,12n,104p,4859b,399s stack positions out of 5000i,500n,10000p,200000b,80000s

Output written on thesis.pdf (16 pages).
